<?xml version="1.0" encoding="UTF-8" standalone="yes"?>
<testsuites time="9.724" tests="1" failures="0" errors="1">
    <testsuite name="GraphWalker" tests="1" failures="0" errors="1" time="9.724" timestamp="2023-11-06T18:52:39">
        <properties>
            <property name="classworlds.conf" value="C:/Program Files/apache-maven-3.9.5/bin/m2.conf"/>
            <property name="env.=::" value="::\"/>
            <property name="env.ACLOCAL_PATH" value="C:\Program Files\Git\mingw64\share\aclocal;C:\Program Files\Git\usr\share\aclocal"/>
            <property name="env.ALLUSERSPROFILE" value="C:\ProgramData"/>
            <property name="env.APPDATA" value="C:\Users\adabu\AppData\Roaming"/>
            <property name="env.CHOCOLATEYINSTALL" value="C:\ProgramData\chocolatey"/>
            <property name="env.CHOCOLATEYLASTPATHUPDATE" value="133250215612677370"/>
            <property name="env.COMMONPROGRAMFILES" value="C:\Program Files\Common Files"/>
            <property name="env.COMMONPROGRAMFILES(X86)" value="C:\Program Files (x86)\Common Files"/>
            <property name="env.COMMONPROGRAMW6432" value="C:\Program Files\Common Files"/>
            <property name="env.COMPUTERNAME" value="DESKTOP-RE8DDNJ"/>
            <property name="env.COMSPEC" value="C:\Windows\system32\cmd.exe"/>
            <property name="env.CONFIG_SITE" value="C:/Program Files/Git/etc/config.site"/>
            <property name="env.DISPLAY" value="needs-to-be-defined"/>
            <property name="env.DRIVERDATA" value="C:\Windows\System32\Drivers\DriverData"/>
            <property name="env.EXEPATH" value="C:\Program Files\Git"/>
            <property name="env.FPS_BROWSER_APP_PROFILE_STRING" value="Internet Explorer"/>
            <property name="env.FPS_BROWSER_USER_PROFILE_STRING" value="Default"/>
            <property name="env.HOME" value="C:\Users\adabu"/>
            <property name="env.HOMEDRIVE" value="C:"/>
            <property name="env.HOMEPATH" value="\Users\adabu"/>
            <property name="env.HOSTNAME" value="DESKTOP-RE8DDNJ"/>
            <property name="env.INFOPATH" value="C:\Program Files\Git\mingw64\local\info;C:\Program Files\Git\mingw64\share\info;C:\Program Files\Git\usr\local\info;C:\Program Files\Git\usr\share\info;C:\Program Files\Git\usr\info;C:\Program Files\Git\share\info"/>
            <property name="env.INTELLIJ IDEA" value="C:\Program Files\JetBrains\IntelliJ IDEA 2023.1\bin;"/>
            <property name="env.JAVA_HOME" value="C:/Program Files/Java/jdk-17"/>
            <property name="env.LC_CTYPE" value="en_US.UTF-8"/>
            <property name="env.LOCALAPPDATA" value="C:\Users\adabu\AppData\Local"/>
            <property name="env.LOGONSERVER" value="\\DESKTOP-RE8DDNJ"/>
            <property name="env.MANPATH" value="C:\Program Files\Git\mingw64\local\man;C:\Program Files\Git\mingw64\share\man;C:\Program Files\Git\usr\local\man;C:\Program Files\Git\usr\share\man;C:\Program Files\Git\usr\man;C:\Program Files\Git\share\man"/>
            <property name="env.MAVEN_CMD_LINE_ARGS" value=" graphwalker:test"/>
            <property name="env.MAVEN_HOME" value="C:/Program Files/apache-maven-3.9.5"/>
            <property name="env.MAVEN_PROJECTBASEDIR" value="E:/facultate/master/TSS/YouTube-GraphWalker"/>
            <property name="env.MINGW_CHOST" value="x86_64-w64-mingw32"/>
            <property name="env.MINGW_PACKAGE_PREFIX" value="mingw-w64-x86_64"/>
            <property name="env.MINGW_PREFIX" value="C:/Program Files/Git/mingw64"/>
            <property name="env.MSYSTEM" value="MINGW64"/>
            <property name="env.MSYSTEM_CARCH" value="x86_64"/>
            <property name="env.MSYSTEM_CHOST" value="x86_64-w64-mingw32"/>
            <property name="env.MSYSTEM_PREFIX" value="C:/Program Files/Git/mingw64"/>
            <property name="env.NUMBER_OF_PROCESSORS" value="8"/>
            <property name="env.OLDPWD" value="E:/facultate/master/TSS/YouTube-GraphWalker"/>
            <property name="env.ONEDRIVE" value="C:\Users\adabu\OneDrive - unibuc.ro"/>
            <property name="env.ONEDRIVECOMMERCIAL" value="C:\Users\adabu\OneDrive - unibuc.ro"/>
            <property name="env.ORIGINAL_PATH" value="C:\Program Files\Git\mingw64\bin;C:\Program Files\Git\usr\bin;C:\Users\adabu\bin;C:\Program Files\Common Files\Oracle\Java\javapath;C:\Python311\Scripts;C:\Python311;C:\Windows\system32;C:\Windows;C:\Windows\System32\Wbem;C:\Windows\System32\WindowsPowerShell\v1.0;C:\Windows\System32\OpenSSH;C:\Program Files\Git\cmd;C:\ProgramData\chocolatey\bin;C:\Program Files\MySQL\MySQL Server 8.0\bin;C:\Program Files\dotnet;C:\Program Files\nodejs;%JAVA_HOME%\bin;C:\Program Files\apache-maven-3.9.5\bin;C:\Program Files\MySQL\MySQL Shell 8.0\bin;C:\Users\adabu\AppData\Local\Microsoft\WindowsApps;C:\Program Files\JetBrains\IntelliJ IDEA 2023.1\bin;C:\Program Files\JetBrains\PyCharm Community Edition 2023.1\bin;C:\Users\adabu\AppData\Local\Programs\Microsoft VS Code\bin;C:\msys64\mingw64\bin;C:\Users\adabu\AppData\Roaming\npm"/>
            <property name="env.ORIGINAL_TEMP" value="C:/Users/adabu/AppData/Local/Temp"/>
            <property name="env.ORIGINAL_TMP" value="C:/Users/adabu/AppData/Local/Temp"/>
            <property name="env.OS" value="Windows_NT"/>
            <property name="env.PATH" value="C:\Users\adabu\bin;C:\Program Files\Git\mingw64\bin;C:\Program Files\Git\usr\local\bin;C:\Program Files\Git\usr\bin;C:\Program Files\Git\usr\bin;C:\Program Files\Git\mingw64\bin;C:\Program Files\Git\usr\bin;C:\Users\adabu\bin;C:\Program Files\Common Files\Oracle\Java\javapath;C:\Python311\Scripts;C:\Python311;C:\Windows\system32;C:\Windows;C:\Windows\System32\Wbem;C:\Windows\System32\WindowsPowerShell\v1.0;C:\Windows\System32\OpenSSH;C:\Program Files\Git\cmd;C:\ProgramData\chocolatey\bin;C:\Program Files\MySQL\MySQL Server 8.0\bin;C:\Program Files\dotnet;C:\Program Files\nodejs;%JAVA_HOME%\bin;C:\Program Files\apache-maven-3.9.5\bin;C:\Program Files\MySQL\MySQL Shell 8.0\bin;C:\Users\adabu\AppData\Local\Microsoft\WindowsApps;C:\Program Files\JetBrains\IntelliJ IDEA 2023.1\bin;C:\Program Files\JetBrains\PyCharm Community Edition 2023.1\bin;C:\Users\adabu\AppData\Local\Programs\Microsoft VS Code\bin;C:\msys64\mingw64\bin;C:\Users\adabu\AppData\Roaming\npm;C:\Program Files\Git\usr\bin\vendor_perl;C:\Program Files\Git\usr\bin\core_perl"/>
            <property name="env.PATHEXT" value=".COM;.EXE;.BAT;.CMD;.VBS;.VBE;.JS;.JSE;.WSF;.WSH;.MSC;.PY;.PYW"/>
            <property name="env.PKG_CONFIG_PATH" value="C:\Program Files\Git\mingw64\lib\pkgconfig;C:\Program Files\Git\mingw64\share\pkgconfig"/>
            <property name="env.PKG_CONFIG_SYSTEM_INCLUDE_PATH" value="C:/Program Files/Git/mingw64/include"/>
            <property name="env.PKG_CONFIG_SYSTEM_LIBRARY_PATH" value="C:/Program Files/Git/mingw64/lib"/>
            <property name="env.PLINK_PROTOCOL" value="ssh"/>
            <property name="env.PROCESSOR_ARCHITECTURE" value="AMD64"/>
            <property name="env.PROCESSOR_IDENTIFIER" value="AMD64 Family 23 Model 17 Stepping 0, AuthenticAMD"/>
            <property name="env.PROCESSOR_LEVEL" value="23"/>
            <property name="env.PROCESSOR_REVISION" value="1100"/>
            <property name="env.PROGRAMDATA" value="C:\ProgramData"/>
            <property name="env.PROGRAMFILES" value="C:\Program Files"/>
            <property name="env.PROGRAMFILES(X86)" value="C:\Program Files (x86)"/>
            <property name="env.PROGRAMW6432" value="C:\Program Files"/>
            <property name="env.PSMODULEPATH" value="C:\Program Files\WindowsPowerShell\Modules;C:\Windows\system32\WindowsPowerShell\v1.0\Modules"/>
            <property name="env.PUBLIC" value="C:\Users\Public"/>
            <property name="env.PWD" value="E:/facultate/master/TSS/YouTube-GraphWalker"/>
            <property name="env.PYCHARM COMMUNITY EDITION" value="C:\Program Files\JetBrains\PyCharm Community Edition 2023.1\bin;"/>
            <property name="env.SESSIONNAME" value="Console"/>
            <property name="env.SHELL" value="C:\Program Files\Git\usr\bin\bash.exe"/>
            <property name="env.SHLVL" value="1"/>
            <property name="env.SSH_ASKPASS" value="C:/Program Files/Git/mingw64/bin/git-askpass.exe"/>
            <property name="env.SYSTEMDRIVE" value="C:"/>
            <property name="env.SYSTEMROOT" value="C:\Windows"/>
            <property name="env.TEMP" value="C:\Users\adabu\AppData\Local\Temp"/>
            <property name="env.TERM" value="xterm"/>
            <property name="env.TERM_PROGRAM" value="mintty"/>
            <property name="env.TERM_PROGRAM_VERSION" value="3.6.3"/>
            <property name="env.TMP" value="C:\Users\adabu\AppData\Local\Temp"/>
            <property name="env.TMPDIR" value="C:\Users\adabu\AppData\Local\Temp"/>
            <property name="env.USERDOMAIN" value="DESKTOP-RE8DDNJ"/>
            <property name="env.USERDOMAIN_ROAMINGPROFILE" value="DESKTOP-RE8DDNJ"/>
            <property name="env.USERNAME" value="adabu"/>
            <property name="env.USERPROFILE" value="C:\Users\adabu"/>
            <property name="env.WINDIR" value="C:\Windows"/>
            <property name="file.encoding" value="Cp1252"/>
            <property name="file.separator" value="\"/>
            <property name="java.class.path" value="C:/Program Files/apache-maven-3.9.5/boot/plexus-classworlds-2.7.0.jar"/>
            <property name="java.class.version" value="61.0"/>
            <property name="java.home" value="C:\Program Files\Java\jdk-17"/>
            <property name="java.io.tmpdir" value="C:\Users\adabu\AppData\Local\Temp\"/>
            <property name="java.library.path" value="C:\Program Files\Java\jdk-17\bin;C:\Windows\Sun\Java\bin;C:\Windows\system32;C:\Windows;C:\Users\adabu\bin;C:\Program Files\Git\mingw64\bin;C:\Program Files\Git\usr\local\bin;C:\Program Files\Git\usr\bin;C:\Program Files\Git\usr\bin;C:\Program Files\Git\mingw64\bin;C:\Program Files\Git\usr\bin;C:\Users\adabu\bin;C:\Program Files\Common Files\Oracle\Java\javapath;C:\Python311\Scripts;C:\Python311;C:\Windows\system32;C:\Windows;C:\Windows\System32\Wbem;C:\Windows\System32\WindowsPowerShell\v1.0;C:\Windows\System32\OpenSSH;C:\Program Files\Git\cmd;C:\ProgramData\chocolatey\bin;C:\Program Files\MySQL\MySQL Server 8.0\bin;C:\Program Files\dotnet;C:\Program Files\nodejs;%JAVA_HOME%\bin;C:\Program Files\apache-maven-3.9.5\bin;C:\Program Files\MySQL\MySQL Shell 8.0\bin;C:\Users\adabu\AppData\Local\Microsoft\WindowsApps;C:\Program Files\JetBrains\IntelliJ IDEA 2023.1\bin;C:\Program Files\JetBrains\PyCharm Community Edition 2023.1\bin;C:\Users\adabu\AppData\Local\Programs\Microsoft VS Code\bin;C:\msys64\mingw64\bin;C:\Users\adabu\AppData\Roaming\npm;C:\Program Files\Git\usr\bin\vendor_perl;C:\Program Files\Git\usr\bin\core_perl;."/>
            <property name="java.runtime.name" value="Java(TM) SE Runtime Environment"/>
            <property name="java.runtime.version" value="17.0.9+11-LTS-201"/>
            <property name="java.specification.name" value="Java Platform API Specification"/>
            <property name="java.specification.vendor" value="Oracle Corporation"/>
            <property name="java.specification.version" value="17"/>
            <property name="java.vendor" value="Oracle Corporation"/>
            <property name="java.vendor.url" value="https://java.oracle.com/"/>
            <property name="java.vendor.url.bug" value="https://bugreport.java.com/bugreport/"/>
            <property name="java.version" value="17.0.9"/>
            <property name="java.version.date" value="2023-10-17"/>
            <property name="java.vm.compressedOopsMode" value="Zero based"/>
            <property name="java.vm.info" value="mixed mode, sharing"/>
            <property name="java.vm.name" value="Java HotSpot(TM) 64-Bit Server VM"/>
            <property name="java.vm.specification.name" value="Java Virtual Machine Specification"/>
            <property name="java.vm.specification.vendor" value="Oracle Corporation"/>
            <property name="java.vm.specification.version" value="17"/>
            <property name="java.vm.vendor" value="Oracle Corporation"/>
            <property name="java.vm.version" value="17.0.9+11-LTS-201"/>
            <property name="jdk.debug" value="release"/>
            <property name="library.jansi.path" value="C:/Program Files/apache-maven-3.9.5/lib/jansi-native"/>
            <property name="line.separator" value="&#13;&#10;"/>
            <property name="maven.build.version" value="Apache Maven 3.9.5 (57804ffe001d7215b5e7bcb531cf83df38f93546)"/>
            <property name="maven.conf" value="C:/Program Files/apache-maven-3.9.5/conf"/>
            <property name="maven.home" value="C:\Program Files\apache-maven-3.9.5"/>
            <property name="maven.multiModuleProjectDirectory" value="E:/facultate/master/TSS/YouTube-GraphWalker"/>
            <property name="maven.version" value="3.9.5"/>
            <property name="native.encoding" value="Cp1252"/>
            <property name="os.arch" value="amd64"/>
            <property name="os.name" value="Windows 10"/>
            <property name="os.version" value="10.0"/>
            <property name="path.separator" value=";"/>
            <property name="sun.arch.data.model" value="64"/>
            <property name="sun.boot.library.path" value="C:\Program Files\Java\jdk-17\bin"/>
            <property name="sun.cpu.endian" value="little"/>
            <property name="sun.cpu.isalist" value="amd64"/>
            <property name="sun.io.unicode.encoding" value="UnicodeLittle"/>
            <property name="sun.java.command" value="org.codehaus.plexus.classworlds.launcher.Launcher graphwalker:test"/>
            <property name="sun.java.launcher" value="SUN_STANDARD"/>
            <property name="sun.jnu.encoding" value="Cp1252"/>
            <property name="sun.management.compiler" value="HotSpot 64-Bit Tiered Compilers"/>
            <property name="sun.os.patch.level" value=""/>
            <property name="user.country" value="US"/>
            <property name="user.dir" value="E:\facultate\master\TSS\YouTube-GraphWalker"/>
            <property name="user.home" value="C:\Users\adabu"/>
            <property name="user.language" value="en"/>
            <property name="user.name" value="adabu"/>
            <property name="user.script" value=""/>
            <property name="user.variant" value=""/>
        </properties>
        <testcase name="LoginTrelloTest" time="9.724" classname="com.company.LoginTrelloTest">
            <error type="java.lang.reflect.InvocationTargetException">
                java.lang.reflect.InvocationTargetException&#13;
                	at java.base/jdk.internal.reflect.NativeMethodAccessorImpl.invoke0(Native Method)&#13;
                	at java.base/jdk.internal.reflect.NativeMethodAccessorImpl.invoke(NativeMethodAccessorImpl.java:77)&#13;
                	at java.base/jdk.internal.reflect.DelegatingMethodAccessorImpl.invoke(DelegatingMethodAccessorImpl.java:43)&#13;
                	at java.base/java.lang.reflect.Method.invoke(Method.java:568)&#13;
                	at org.graphwalker.core.machine.ExecutionContext.execute(ExecutionContext.java:276)&#13;
                	at org.graphwalker.core.machine.SimpleMachine.execute(SimpleMachine.java:282)&#13;
                	at org.graphwalker.core.machine.SimpleMachine.getNextStep(SimpleMachine.java:105)&#13;
                	at org.graphwalker.java.test.TestExecutor.execute(TestExecutor.java:247)&#13;
                	at java.base/jdk.internal.reflect.NativeMethodAccessorImpl.invoke0(Native Method)&#13;
                	at java.base/jdk.internal.reflect.NativeMethodAccessorImpl.invoke(NativeMethodAccessorImpl.java:77)&#13;
                	at java.base/jdk.internal.reflect.DelegatingMethodAccessorImpl.invoke(DelegatingMethodAccessorImpl.java:43)&#13;
                	at java.base/java.lang.reflect.Method.invoke(Method.java:568)&#13;
                	at org.graphwalker.java.test.Reflections.invoke(Reflections.java:73)&#13;
                	at org.graphwalker.java.test.Reflector.execute(Reflector.java:123)&#13;
                	at org.graphwalker.maven.plugin.TestMojo.execute(TestMojo.java:161)&#13;
                	at org.apache.maven.plugin.DefaultBuildPluginManager.executeMojo(DefaultBuildPluginManager.java:126)&#13;
                	at org.apache.maven.lifecycle.internal.MojoExecutor.doExecute2(MojoExecutor.java:328)&#13;
                	at org.apache.maven.lifecycle.internal.MojoExecutor.doExecute(MojoExecutor.java:316)&#13;
                	at org.apache.maven.lifecycle.internal.MojoExecutor.execute(MojoExecutor.java:212)&#13;
                	at org.apache.maven.lifecycle.internal.MojoExecutor.execute(MojoExecutor.java:174)&#13;
                	at org.apache.maven.lifecycle.internal.MojoExecutor.access$000(MojoExecutor.java:75)&#13;
                	at org.apache.maven.lifecycle.internal.MojoExecutor$1.run(MojoExecutor.java:162)&#13;
                	at org.apache.maven.plugin.DefaultMojosExecutionStrategy.execute(DefaultMojosExecutionStrategy.java:39)&#13;
                	at org.apache.maven.lifecycle.internal.MojoExecutor.execute(MojoExecutor.java:159)&#13;
                	at org.apache.maven.lifecycle.internal.LifecycleModuleBuilder.buildProject(LifecycleModuleBuilder.java:105)&#13;
                	at org.apache.maven.lifecycle.internal.LifecycleModuleBuilder.buildProject(LifecycleModuleBuilder.java:73)&#13;
                	at org.apache.maven.lifecycle.internal.builder.singlethreaded.SingleThreadedBuilder.build(SingleThreadedBuilder.java:53)&#13;
                	at org.apache.maven.lifecycle.internal.LifecycleStarter.execute(LifecycleStarter.java:118)&#13;
                	at org.apache.maven.DefaultMaven.doExecute(DefaultMaven.java:261)&#13;
                	at org.apache.maven.DefaultMaven.doExecute(DefaultMaven.java:173)&#13;
                	at org.apache.maven.DefaultMaven.execute(DefaultMaven.java:101)&#13;
                	at org.apache.maven.cli.MavenCli.execute(MavenCli.java:906)&#13;
                	at org.apache.maven.cli.MavenCli.doMain(MavenCli.java:283)&#13;
                	at org.apache.maven.cli.MavenCli.main(MavenCli.java:206)&#13;
                	at java.base/jdk.internal.reflect.NativeMethodAccessorImpl.invoke0(Native Method)&#13;
                	at java.base/jdk.internal.reflect.NativeMethodAccessorImpl.invoke(NativeMethodAccessorImpl.java:77)&#13;
                	at java.base/jdk.internal.reflect.DelegatingMethodAccessorImpl.invoke(DelegatingMethodAccessorImpl.java:43)&#13;
                	at java.base/java.lang.reflect.Method.invoke(Method.java:568)&#13;
                	at org.codehaus.plexus.classworlds.launcher.Launcher.launchEnhanced(Launcher.java:283)&#13;
                	at org.codehaus.plexus.classworlds.launcher.Launcher.launch(Launcher.java:226)&#13;
                	at org.codehaus.plexus.classworlds.launcher.Launcher.mainWithExitCode(Launcher.java:407)&#13;
                	at org.codehaus.plexus.classworlds.launcher.Launcher.main(Launcher.java:348)&#13;
                Caused by: org.openqa.selenium.TimeoutException: Expected condition failed: waiting for visibility of element located by By.cssSelector: h2[data-testid='list-name']:contains('To Do') (tried for 4 second(s) with 500 milliseconds interval)&#13;
                	at org.openqa.selenium.support.ui.WebDriverWait.timeoutException(WebDriverWait.java:95)&#13;
                	at org.openqa.selenium.support.ui.FluentWait.until(FluentWait.java:272)&#13;
                	at com.company.LoginTrelloTest.e_selectToDoList(LoginTrelloTest.java:138)&#13;
                	... 42 more&#13;
                Caused by: org.openqa.selenium.InvalidSelectorException: Given css selector expression "h2[data-testid='list-name']:contains('To Do')" is invalid: InvalidSelectorError: Document.querySelector: 'h2[data-testid='list-name']:contains('To Do')' is not a valid selector: "h2[data-testid='list-name']:contains('To Do')"
                For documentation on this error, please visit: https://www.seleniumhq.org/exceptions/invalid_selector_exception.html
                Build info: version: '3.141.59', revision: 'e82be7d358', time: '2018-11-14T08:17:03'
                System info: host: 'DESKTOP-RE8DDNJ', ip: '192.168.1.133', os.name: 'Windows 10', os.arch: 'amd64', os.version: '10.0', java.version: '17.0.9'
                Driver info: org.openqa.selenium.firefox.FirefoxDriver
                Capabilities {acceptInsecureCerts: true, browserName: firefox, browserVersion: 119.0, javascriptEnabled: true, moz:accessibilityChecks: false, moz:buildID: 20231019122658, moz:geckodriverVersion: 0.33.0, moz:headless: false, moz:platformVersion: 10.0, moz:processID: 10320, moz:profile: C:\Users\adabu\AppData\Loca..., moz:shutdownTimeout: 60000, moz:webdriverClick: true, moz:windowless: false, pageLoadStrategy: normal, platform: WINDOWS, platformName: WINDOWS, proxy: Proxy(), setWindowRect: true, strictFileInteractability: false, timeouts: {implicit: 0, pageLoad: 300000, script: 30000}, unhandledPromptBehavior: dismiss and notify}
                Session ID: a97b8b34-1bab-40f1-901d-51d8e1611621
                *** Element info: {Using=css selector, value=h2[data-testid='list-name']:contains('To Do')}&#13;
                	at java.base/jdk.internal.reflect.NativeConstructorAccessorImpl.newInstance0(Native Method)&#13;
                	at java.base/jdk.internal.reflect.NativeConstructorAccessorImpl.newInstance(NativeConstructorAccessorImpl.java:77)&#13;
                	at java.base/jdk.internal.reflect.DelegatingConstructorAccessorImpl.newInstance(DelegatingConstructorAccessorImpl.java:45)&#13;
                	at java.base/java.lang.reflect.Constructor.newInstanceWithCaller(Constructor.java:499)&#13;
                	at java.base/java.lang.reflect.Constructor.newInstance(Constructor.java:480)&#13;
                	at org.openqa.selenium.remote.http.W3CHttpResponseCodec.createException(W3CHttpResponseCodec.java:187)&#13;
                	at org.openqa.selenium.remote.http.W3CHttpResponseCodec.decode(W3CHttpResponseCodec.java:122)&#13;
                	at org.openqa.selenium.remote.http.W3CHttpResponseCodec.decode(W3CHttpResponseCodec.java:49)&#13;
                	at org.openqa.selenium.remote.HttpCommandExecutor.execute(HttpCommandExecutor.java:158)&#13;
                	at org.openqa.selenium.remote.service.DriverCommandExecutor.execute(DriverCommandExecutor.java:83)&#13;
                	at org.openqa.selenium.remote.RemoteWebDriver.execute(RemoteWebDriver.java:552)&#13;
                	at org.openqa.selenium.remote.RemoteWebDriver.findElement(RemoteWebDriver.java:323)&#13;
                	at org.openqa.selenium.remote.RemoteWebDriver.findElementByCssSelector(RemoteWebDriver.java:420)&#13;
                	at org.openqa.selenium.By$ByCssSelector.findElement(By.java:431)&#13;
                	at org.openqa.selenium.remote.RemoteWebDriver.findElement(RemoteWebDriver.java:315)&#13;
                	at org.openqa.selenium.support.ui.ExpectedConditions$7.apply(ExpectedConditions.java:205)&#13;
                	at org.openqa.selenium.support.ui.ExpectedConditions$7.apply(ExpectedConditions.java:201)&#13;
                	at org.openqa.selenium.support.ui.FluentWait.until(FluentWait.java:249)&#13;
                	... 43 more&#13;
</error>
        </testcase>
    </testsuite>
</testsuites>
