<?xml version="1.0" encoding="UTF-8" standalone="yes"?>
<testsuites time="6.983" tests="1" failures="0" errors="0">
    <testsuite name="GraphWalker" tests="1" failures="0" errors="0" time="6.983" timestamp="2023-11-05T15:58:57">
        <properties>
            <property name="awt.toolkit" value="sun.awt.windows.WToolkit"/>
            <property name="classworlds.conf" value="C:\Program Files (x86)\maven\bin\m2.conf"/>
            <property name="env.=::" value="::\"/>
            <property name="env.=C:" value="C:\Users\Oana\Desktop\TSS PROIECT\YouTube-GraphWalker"/>
            <property name="env.ALLUSERSPROFILE" value="C:\ProgramData"/>
            <property name="env.APPDATA" value="C:\Users\Oana\AppData\Roaming"/>
            <property name="env.CATALINA_HOME" value="C:\Users\Oana\Desktop\apache-tomcat-10.0.13"/>
            <property name="env.CHOCOLATEYINSTALL" value="C:\ProgramData\chocolatey"/>
            <property name="env.CHOCOLATEYLASTPATHUPDATE" value="133121458753029974"/>
            <property name="env.CLASSPATH" value="C:\Users\Oana\Desktop\apache-tomcat-10.0.13\lib"/>
            <property name="env.CLASSWORLDS_JAR" value="&quot;C:\Program Files (x86)\maven\boot\plexus-classworlds-2.7.0.jar&quot;"/>
            <property name="env.CLASSWORLDS_LAUNCHER" value="org.codehaus.plexus.classworlds.launcher.Launcher"/>
            <property name="env.CLION" value="C:\Program Files\JetBrains\CLion 2021.3.3\bin;"/>
            <property name="env.COMMONPROGRAMFILES" value="C:\Program Files\Common Files"/>
            <property name="env.COMMONPROGRAMFILES(X86)" value="C:\Program Files (x86)\Common Files"/>
            <property name="env.COMMONPROGRAMW6432" value="C:\Program Files\Common Files"/>
            <property name="env.COMPUTERNAME" value="DESKTOP-V5VDNJI"/>
            <property name="env.COMSPEC" value="C:\Windows\system32\cmd.exe"/>
            <property name="env.DRIVERDATA" value="C:\Windows\System32\Drivers\DriverData"/>
            <property name="env.ERROR_CODE" value="0"/>
            <property name="env.EXEC_DIR" value="C:\Users\Oana\Desktop\TSS PROIECT\YouTube-GraphWalker"/>
            <property name="env.HOMEDRIVE" value="C:"/>
            <property name="env.HOMEPATH" value="\Users\Oana"/>
            <property name="env.INTELLIJ IDEA COMMUNITY EDITION" value="C:\Program Files\JetBrains\IntelliJ IDEA Community Edition 2021.3\bin;"/>
            <property name="env.JAVACMD" value="C:\Program Files\Java\jdk-11.0.13\bin\java.exe"/>
            <property name="env.JAVA_HOME" value="C:\Program Files\Java\jdk-11.0.13"/>
            <property name="env.JRE_HOME" value="C:\Program Files\Java\jre1.8.0_311"/>
            <property name="env.JVMCONFIG" value="\.mvn\jvm.config"/>
            <property name="env.LOCALAPPDATA" value="C:\Users\Oana\AppData\Local"/>
            <property name="env.LOGONSERVER" value="\\DESKTOP-V5VDNJI"/>
            <property name="env.MAVEN_CMD_LINE_ARGS" value="graphwalker:test"/>
            <property name="env.MAVEN_HOME" value="C:\Program Files (x86)\maven"/>
            <property name="env.MAVEN_PROJECTBASEDIR" value="C:\Users\Oana\Desktop\TSS PROIECT\YouTube-GraphWalker"/>
            <property name="env.NUMBER_OF_PROCESSORS" value="16"/>
            <property name="env.ONEDRIVE" value="C:\Users\Oana\OneDrive"/>
            <property name="env.ONEDRIVECONSUMER" value="C:\Users\Oana\OneDrive"/>
            <property name="env.OS" value="Windows_NT"/>
            <property name="env.PATH" value="C:\Python311\Scripts\;C:\Python311\;C:\Program Files\Common Files\Oracle\Java\javapath;C:\Program Files (x86)\Common Files\Oracle\Java\javapath;C:\Windows\system32;C:\Windows;C:\Windows\System32\Wbem;C:\Windows\System32\WindowsPowerShell\v1.0\;C:\Windows\System32\OpenSSH\;C:\Program Files\Git\cmd;C:\Program Files\Common Files\Oracle\Java\javapath;C:\Program Files (x86)\Common Files\Oracle\Java\javapath;C:\Windows\system32;C:\Windows;C:\Windows\System32\Wbem;C:\Windows\System32\WindowsPowerShell\v1.0\;C:\Windows\System32\OpenSSH\;C:\Program Files\Git\cmd;C:\Program Files\Common Files\Oracle\Java\javapath;C:\Program Files (x86)\Common Files\Oracle\Java\javapath;C:\Windows\system32;C:\Windows;C:\Windows\System32\Wbem;C:\Windows\System32\WindowsPowerShell\v1.0\;C:\Windows\System32\OpenSSH\;C:\Program Files\Git\cmd;%PATH%;C:\Program Files\Java\jdk-11.0.13\bin;C:\Users\Oana\AppData\Local\Programs\Python\Python38\Scripts\;C:\Users\Oana\AppData\Local\Programs\Python\Python38\;C:\Users\Oana\AppData\Local\Microsoft\WindowsApps;C:\Users\Oana\AppData\Local\Programs\Microsoft VS Code\bin;C:\Users\Oana\Desktop\ia si scoate foldere\flutter\bin;C:\Program Files\Java\jdk-11.0.13\bin;C:\Users\Oana\AppData\Local\Programs\Python\Python38\Scripts\;C:\Users\Oana\AppData\Local\Programs\Python\Python38\;C:\Users\Oana\AppData\Local\Microsoft\WindowsApps;C:\Users\Oana\AppData\Local\Programs\Microsoft VS Code\bin;C:\Users\Oana\Desktop\ia si scoate foldere\flutter\bin;C:\Program Files\Java\jdk-11.0.13\bin;C:\Program Files\Microsoft SQL Server\150\Tools\Binn\;C:\Program Files\Microsoft SQL Server\Client SDK\ODBC\170\Tools\Binn\;C:\Program Files\dotnet\;C:\Program Files\Microsoft VS Code\bin;C:\Program Files\Docker\Docker\resources\bin;C:\Program Files\nodejs\;C:\Program Files (x86)\NVIDIA Corporation\PhysX\Common;C:\Program Files\NVIDIA Corporation\NVIDIA NvDLISR;C:\Program Files (x86)\maven\bin;C:\Users\Oana\AppData\Local\Programs\Python\Python38\Scripts\;C:\Users\Oana\AppData\Local\Programs\Python\Python38\;C:\Users\Oana\AppData\Local\Microsoft\WindowsApps;C:\Program Files\JetBrains\IntelliJ IDEA Community Edition 2021.3\bin;;C:\Users\Oana\Desktop\diseratatie FE\FlutterSDK\flutter\bin;C:\Users\Oana\.dotnet\tools;C:\Program Files\JetBrains\CLion 2021.3.3\bin;;C:\Users\Oana\AppData\Roaming\npm;"/>
            <property name="env.PATHEXT" value=".COM;.EXE;.BAT;.CMD;.VBS;.VBE;.JS;.JSE;.WSF;.WSH;.MSC;.PY;.PYW"/>
            <property name="env.PROCESSOR_ARCHITECTURE" value="AMD64"/>
            <property name="env.PROCESSOR_IDENTIFIER" value="AMD64 Family 25 Model 80 Stepping 0, AuthenticAMD"/>
            <property name="env.PROCESSOR_LEVEL" value="25"/>
            <property name="env.PROCESSOR_REVISION" value="5000"/>
            <property name="env.PROGRAMDATA" value="C:\ProgramData"/>
            <property name="env.PROGRAMFILES" value="C:\Program Files"/>
            <property name="env.PROGRAMFILES(X86)" value="C:\Program Files (x86)"/>
            <property name="env.PROGRAMW6432" value="C:\Program Files"/>
            <property name="env.PROMPT" value="$P$G"/>
            <property name="env.PSMODULEPATH" value="C:\Program Files\WindowsPowerShell\Modules;C:\Windows\system32\WindowsPowerShell\v1.0\Modules"/>
            <property name="env.PUBLIC" value="C:\Users\Public"/>
            <property name="env.SESSIONNAME" value="Console"/>
            <property name="env.SYSTEMDRIVE" value="C:"/>
            <property name="env.SYSTEMROOT" value="C:\Windows"/>
            <property name="env.TEMP" value="C:\Users\Oana\AppData\Local\Temp"/>
            <property name="env.TMP" value="C:\Users\Oana\AppData\Local\Temp"/>
            <property name="env.USERDOMAIN" value="DESKTOP-V5VDNJI"/>
            <property name="env.USERDOMAIN_ROAMINGPROFILE" value="DESKTOP-V5VDNJI"/>
            <property name="env.USERNAME" value="Oana"/>
            <property name="env.USERPROFILE" value="C:\Users\Oana"/>
            <property name="env.WDIR" value="C:\"/>
            <property name="env.WINDIR" value="C:\Windows"/>
            <property name="file.encoding" value="Cp1252"/>
            <property name="file.separator" value="\"/>
            <property name="java.awt.graphicsenv" value="sun.awt.Win32GraphicsEnvironment"/>
            <property name="java.awt.printerjob" value="sun.awt.windows.WPrinterJob"/>
            <property name="java.class.path" value="C:\Program Files (x86)\maven\boot\plexus-classworlds-2.7.0.jar"/>
            <property name="java.class.version" value="55.0"/>
            <property name="java.home" value="C:\Program Files\Java\jdk-11.0.13"/>
            <property name="java.io.tmpdir" value="C:\Users\Oana\AppData\Local\Temp\"/>
            <property name="java.library.path" value="C:\Program Files\Java\jdk-11.0.13\bin;C:\Windows\Sun\Java\bin;C:\Windows\system32;C:\Windows;C:\Python311\Scripts\;C:\Python311\;C:\Program Files\Common Files\Oracle\Java\javapath;C:\Program Files (x86)\Common Files\Oracle\Java\javapath;C:\Windows\system32;C:\Windows;C:\Windows\System32\Wbem;C:\Windows\System32\WindowsPowerShell\v1.0\;C:\Windows\System32\OpenSSH\;C:\Program Files\Git\cmd;C:\Program Files\Common Files\Oracle\Java\javapath;C:\Program Files (x86)\Common Files\Oracle\Java\javapath;C:\Windows\system32;C:\Windows;C:\Windows\System32\Wbem;C:\Windows\System32\WindowsPowerShell\v1.0\;C:\Windows\System32\OpenSSH\;C:\Program Files\Git\cmd;C:\Program Files\Common Files\Oracle\Java\javapath;C:\Program Files (x86)\Common Files\Oracle\Java\javapath;C:\Windows\system32;C:\Windows;C:\Windows\System32\Wbem;C:\Windows\System32\WindowsPowerShell\v1.0\;C:\Windows\System32\OpenSSH\;C:\Program Files\Git\cmd;%PATH%;C:\Program Files\Java\jdk-11.0.13\bin;C:\Users\Oana\AppData\Local\Programs\Python\Python38\Scripts\;C:\Users\Oana\AppData\Local\Programs\Python\Python38\;C:\Users\Oana\AppData\Local\Microsoft\WindowsApps;C:\Users\Oana\AppData\Local\Programs\Microsoft VS Code\bin;C:\Users\Oana\Desktop\ia si scoate foldere\flutter\bin;C:\Program Files\Java\jdk-11.0.13\bin;C:\Users\Oana\AppData\Local\Programs\Python\Python38\Scripts\;C:\Users\Oana\AppData\Local\Programs\Python\Python38\;C:\Users\Oana\AppData\Local\Microsoft\WindowsApps;C:\Users\Oana\AppData\Local\Programs\Microsoft VS Code\bin;C:\Users\Oana\Desktop\ia si scoate foldere\flutter\bin;C:\Program Files\Java\jdk-11.0.13\bin;C:\Program Files\Microsoft SQL Server\150\Tools\Binn\;C:\Program Files\Microsoft SQL Server\Client SDK\ODBC\170\Tools\Binn\;C:\Program Files\dotnet\;C:\Program Files\Microsoft VS Code\bin;C:\Program Files\Docker\Docker\resources\bin;C:\Program Files\nodejs\;C:\Program Files (x86)\NVIDIA Corporation\PhysX\Common;C:\Program Files\NVIDIA Corporation\NVIDIA NvDLISR;C:\Program Files (x86)\maven\bin;C:\Users\Oana\AppData\Local\Programs\Python\Python38\Scripts\;C:\Users\Oana\AppData\Local\Programs\Python\Python38\;C:\Users\Oana\AppData\Local\Microsoft\WindowsApps;C:\Program Files\JetBrains\IntelliJ IDEA Community Edition 2021.3\bin;;C:\Users\Oana\Desktop\diseratatie FE\FlutterSDK\flutter\bin;C:\Users\Oana\.dotnet\tools;C:\Program Files\JetBrains\CLion 2021.3.3\bin;;C:\Users\Oana\AppData\Roaming\npm;;."/>
            <property name="java.runtime.name" value="Java(TM) SE Runtime Environment"/>
            <property name="java.runtime.version" value="11.0.13+10-LTS-370"/>
            <property name="java.specification.name" value="Java Platform API Specification"/>
            <property name="java.specification.vendor" value="Oracle Corporation"/>
            <property name="java.specification.version" value="11"/>
            <property name="java.vendor" value="Oracle Corporation"/>
            <property name="java.vendor.url" value="https://openjdk.java.net/"/>
            <property name="java.vendor.url.bug" value="https://bugreport.java.com/bugreport/"/>
            <property name="java.vendor.version" value="18.9"/>
            <property name="java.version" value="11.0.13"/>
            <property name="java.version.date" value="2021-10-19"/>
            <property name="java.vm.compressedOopsMode" value="32-bit"/>
            <property name="java.vm.info" value="mixed mode"/>
            <property name="java.vm.name" value="Java HotSpot(TM) 64-Bit Server VM"/>
            <property name="java.vm.specification.name" value="Java Virtual Machine Specification"/>
            <property name="java.vm.specification.vendor" value="Oracle Corporation"/>
            <property name="java.vm.specification.version" value="11"/>
            <property name="java.vm.vendor" value="Oracle Corporation"/>
            <property name="java.vm.version" value="11.0.13+10-LTS-370"/>
            <property name="jdk.debug" value="release"/>
            <property name="library.jansi.path" value="C:\Program Files (x86)\maven\lib\jansi-native"/>
            <property name="line.separator" value="&#13;&#10;"/>
            <property name="maven.build.version" value="Apache Maven 3.9.5 (57804ffe001d7215b5e7bcb531cf83df38f93546)"/>
            <property name="maven.conf" value="C:\Program Files (x86)\maven/conf"/>
            <property name="maven.home" value="C:\Program Files (x86)\maven"/>
            <property name="maven.multiModuleProjectDirectory" value="C:\Users\Oana\Desktop\TSS PROIECT\YouTube-GraphWalker"/>
            <property name="maven.version" value="3.9.5"/>
            <property name="os.arch" value="amd64"/>
            <property name="os.name" value="Windows 10"/>
            <property name="os.version" value="10.0"/>
            <property name="path.separator" value=";"/>
            <property name="sun.arch.data.model" value="64"/>
            <property name="sun.boot.library.path" value="C:\Program Files\Java\jdk-11.0.13\bin"/>
            <property name="sun.cpu.endian" value="little"/>
            <property name="sun.cpu.isalist" value="amd64"/>
            <property name="sun.desktop" value="windows"/>
            <property name="sun.io.unicode.encoding" value="UnicodeLittle"/>
            <property name="sun.java.command" value="org.codehaus.plexus.classworlds.launcher.Launcher graphwalker:test"/>
            <property name="sun.java.launcher" value="SUN_STANDARD"/>
            <property name="sun.jnu.encoding" value="Cp1252"/>
            <property name="sun.management.compiler" value="HotSpot 64-Bit Tiered Compilers"/>
            <property name="sun.os.patch.level" value=""/>
            <property name="sun.stderr.encoding" value="cp437"/>
            <property name="sun.stdout.encoding" value="cp437"/>
            <property name="user.country" value="US"/>
            <property name="user.dir" value="C:\Users\Oana\Desktop\TSS PROIECT\YouTube-GraphWalker"/>
            <property name="user.home" value="C:\Users\Oana"/>
            <property name="user.language" value="en"/>
            <property name="user.name" value="Oana"/>
            <property name="user.script" value=""/>
            <property name="user.timezone" value=""/>
            <property name="user.variant" value=""/>
        </properties>
        <testcase name="LoginTrelloTest" time="6.983" classname="com.company.LoginTrelloTest"/>
    </testsuite>
</testsuites>
